# JRE version: Java(TM) SE Runtime Environment (9.0+11) (build 9.0.4+11)
# Java VM: Java HotSpot(TM) 64-Bit Server VM (9.0.4+11, mixed mode, tiered, compressed oops, g1 gc, windows-amd64)
Heap:
 garbage-first heap   total 456704K, used 129375K [0x0000000700000000, 0x0000000700100df0, 0x00000007c0000000)
  region size 1024K, 1 young (1024K), 1 survivors (1024K)
 Metaspace       used 99206K, capacity 106590K, committed 106752K, reserved 1140736K
  class space    used 14600K, capacity 15839K, committed 15872K, reserved 1048576K
GC Heap History (10 events):
Event: 2292.241 GC heap after
{Heap after GC invocations=354 (full 9):
 garbage-first heap   total 316416K, used 123614K [0x0000000700000000, 0x00000007001009a8, 0x00000007c0000000)
  region size 1024K, 1 young (1024K), 1 survivors (1024K)
 Metaspace       used 98336K, capacity 105662K, committed 105728K, reserved 1138688K
  class space    used 14309K, capacity 15551K, committed 15616K, reserved 1048576K
}
Event: 2292.510 GC heap before
{Heap before GC invocations=354 (full 9):
 garbage-first heap   total 316416K, used 184030K [0x0000000700000000, 0x00000007001009a8, 0x00000007c0000000)
  region size 1024K, 60 young (61440K), 1 survivors (1024K)
 Metaspace       used 98749K, capacity 106078K, committed 106112K, reserved 1140736K
  class space    used 14462K, capacity 15711K, committed 15744K, reserved 1048576K
}
Event: 2292.518 GC heap after
{Heap after GC invocations=355 (full 9):
 garbage-first heap   total 379904K, used 124068K [0x0000000700000000, 0x0000000700100b98, 0x00000007c0000000)
  region size 1024K, 2 young (2048K), 2 survivors (2048K)
 Metaspace       used 98749K, capacity 106078K, committed 106112K, reserved 1140736K
  class space    used 14462K, capacity 15711K, committed 15744K, reserved 1048576K
}
Event: 2293.031 GC heap before
{Heap before GC invocations=355 (full 9):
 garbage-first heap   total 379904K, used 184484K [0x0000000700000000, 0x0000000700100b98, 0x00000007c0000000)
  region size 1024K, 60 young (61440K), 2 survivors (2048K)
 Metaspace       used 99136K, capacity 106526K, committed 106752K, reserved 1140736K
  class space    used 14594K, capacity 15839K, committed 15872K, reserved 1048576K
}
Event: 2293.039 GC heap after
{Heap after GC invocations=356 (full 9):
 garbage-first heap   total 379904K, used 129285K [0x0000000700000000, 0x0000000700100b98, 0x00000007c0000000)
  region size 1024K, 6 young (6144K), 6 survivors (6144K)
 Metaspace       used 99136K, capacity 106526K, committed 106752K, reserved 1140736K
  class space    used 14594K, capacity 15839K, committed 15872K, reserved 1048576K
}
Event: 2293.124 GC heap before
{Heap before GC invocations=356 (full 9):
 garbage-first heap   total 379904K, used 184581K [0x0000000700000000, 0x0000000700100b98, 0x00000007c0000000)
  region size 1024K, 60 young (61440K), 6 survivors (6144K)
 Metaspace       used 99141K, capacity 106526K, committed 106752K, reserved 1140736K
  class space    used 14594K, capacity 15839K, committed 15872K, reserved 1048576K
}
Event: 2293.131 GC heap after
{Heap after GC invocations=357 (full 9):
 garbage-first heap   total 379904K, used 129795K [0x0000000700000000, 0x0000000700100b98, 0x00000007c0000000)
  region size 1024K, 1 young (1024K), 1 survivors (1024K)
 Metaspace       used 99141K, capacity 106526K, committed 106752K, reserved 1140736K
  class space    used 14594K, capacity 15839K, committed 15872K, reserved 1048576K
}
Event: 2293.295 GC heap before
{Heap before GC invocations=357 (full 9):
 garbage-first heap   total 379904K, used 190211K [0x0000000700000000, 0x0000000700100b98, 0x00000007c0000000)
  region size 1024K, 60 young (61440K), 1 survivors (1024K)
 Metaspace       used 99201K, capacity 106590K, committed 106752K, reserved 1140736K
  class space    used 14600K, capacity 15839K, committed 15872K, reserved 1048576K
}
Event: 2293.300 GC heap after
{Heap after GC invocations=358 (full 9):
 garbage-first heap   total 379904K, used 129271K [0x0000000700000000, 0x0000000700100b98, 0x00000007c0000000)
  region size 1024K, 1 young (1024K), 1 survivors (1024K)
 Metaspace       used 99201K, capacity 106590K, committed 106752K, reserved 1140736K
  class space    used 14600K, capacity 15839K, committed 15872K, reserved 1048576K
}
Event: 2293.408 GC heap before
{Heap before GC invocations=358 (full 9):
 garbage-first heap   total 379904K, used 189687K [0x0000000700000000, 0x0000000700100b98, 0x00000007c0000000)
  region size 1024K, 60 young (61440K), 1 survivors (1024K)
 Metaspace       used 99206K, capacity 106590K, committed 106752K, reserved 1140736K
  class space    used 14600K, capacity 15839K, committed 15872K, reserved 1048576K
}

